{"id":"7a8b171c-f833-4548-90dc-87d9c079f557","count":"count: 1","api":1}
{"id":"37305fef-3f48-409b-b3db-201c7d709839","count":"count: 2","api":1}
{"id":"df282190-b20a-42bd-ba85-0eb2e0dd5a57","count":"count: 3","api":1}
{"id":"561886ee-48fc-457c-b443-cb8922886ff5","count":"count: 4","api":1}
{"id":"3b4059c2-68b9-47ef-8ab3-df9a631ddf8e","count":"count: 5","api":1}
{"id":"5f8a380c-2afd-4ad6-83fd-0ee226b4cfeb","count":"count: 6","api":1}
{"id":"dfee3da8-9c0e-4795-bffd-bd6973c52466","count":"count: 7","api":1}
{"id":"011d2f62-eedf-42df-9d6c-28d528fda3ae","count":"count: 8","api":1}
{"id":"81216524-6a26-4e8c-a8a4-627452c37f07","count":"count: 9","api":1}
{"id":"8cf57475-64ab-4e04-99ab-2274b5d91a7f","count":"count: 10","api":1}
{"id":"6e728c7c-dc0c-4a3e-9176-daceacc77462","count":"count: 11","api":1}
{"id":"ae69f357-c236-4a62-94b6-6728bd1ccb48","count":"count: 12","api":1}
{"id":"2ec9f449-090e-42ee-a0b3-ac3b9b631790","count":"count: 13","api":1}
{"id":"400e483f-8a21-4b14-b3b0-36f3b676e677","count":"count: 14","api":1}
{"id":"f7f8e555-69a4-4f27-8fe0-4e8a557e0054","count":"count: 15","api":1}
{"id":"eae4f383-0690-40a3-83cf-9915755eb3c5","count":"count: 16","api":1}
{"id":"6ff09189-84f0-4b26-b671-53c1273e6fcf","count":"count: 17","api":1}
{"id":"cee4dc9c-434e-41ee-91cb-b45c38d2f09f","count":"count: 18","api":1}
{"id":"fe3da9eb-784e-42d2-aab5-942a234e8fb6","count":"count: 19","api":1}
{"id":"8359438d-07f3-4a22-8c9d-8b8f42b7e3b0","count":"count: 20","api":1}
{"id":"3bb0fa44-c2da-4077-b461-cd0fd0dabbec","count":"count: 21","api":1}
{"id":"fcfd06a1-5569-449b-8ac9-03c6d2246b03","count":"count: 22","api":1}
{"id":"b19ae0bc-8bf9-4eff-be48-a2bf40ac4fe7","count":"count: 23","api":1}
{"id":"b36d1c16-10df-480f-8423-23391352eb34","count":"count: 24","api":1}
{"id":"0e843181-5f7a-4f88-b77c-5ed383e94217","count":"count: 25","api":1}
{"id":"02b6a2e7-c191-4487-b808-0831638a67fd","count":"count: 26","api":1}
{"id":"fe8c16c2-9e4d-48bf-95d7-07e9e071eab6","count":"count: 27","api":1}
{"id":"5e272164-b739-440b-8fc2-436c154a1454","count":"count: 28","api":1}
{"id":"8111687a-355d-4ec2-a266-de866181fec5","count":"count: 29","api":1}
{"id":"bf713103-f7fe-4324-b6ff-1c75ef23ae35","count":"count: 30","api":1}
{"id":"c3722b12-7a52-4a98-8cb1-7da0de43968e","count":"count: 31","api":1}
{"id":"d0270bff-f980-4e58-aaa8-c3a3965e504e","count":"count: 32","api":1}
{"id":"b6da73a7-40a2-4c91-9352-d23f16812bae","count":"count: 33","api":1}
{"id":"d0e4b263-d1f7-44db-8747-163e31dfc9ca","count":"count: 34","api":1}
{"id":"4fbde190-a7e9-4db9-9647-6e2ea3765b5b","count":"count: 35","api":1}
{"id":"fad2c9d2-09f7-49e9-be63-b43c67e7226c","count":"count: 36","api":1}
{"id":"59f02362-a6bc-456e-8b14-1f6890b2fb4b","count":"count: 37","api":1}
{"id":"94fa1ea0-a301-454f-9eb4-b0b9faa458f1","count":"count: 38","api":1}
{"id":"2f10c1da-8df5-4fe0-81dd-6968b9a3a0a1","count":"count: 39","api":1}
{"id":"60d8757e-d659-4eba-bff0-08df14409008","count":"count: 40","api":1}
{"id":"08b054f2-6fdc-4123-bc0e-70f5c170ecbc","count":"count: 41","api":1}
{"id":"bbaeee86-38d4-45e0-a97d-6c7d09b6c40d","count":"count: 42","api":1}
{"id":"0c6a7f25-f95b-484e-93d7-5533b34e60d9","count":"count: 43","api":1}
{"id":"daf43634-a9b4-443a-9d56-5c3cac32ebea","count":"count: 44","api":1}
{"id":"8076b696-f54e-4c48-832a-8c3b184d9fd9","count":"count: 45","api":1}
{"id":"d564802e-d9ed-4678-a748-dac4eec49911","count":"count: 46","api":1}
{"id":"b1473a3d-7d73-48e1-947f-a174e24ed67a","count":"count: 47","api":1}
{"id":"93810c6c-aa3d-427a-b48e-cdac989e46be","count":"count: 48","api":1}
{"id":"bf9e8210-7f0a-41be-8401-7c4175344849","count":"count: 49","api":1}
{"id":"27c4cd4c-1add-4dd0-b992-d928bd406c13","count":"count: 50","api":1}
{"id":"6bb374f0-3f65-46bf-8ccd-866990d42d25","count":"count: 51","api":1}
{"id":"32067c15-be1e-43be-bed8-33a4dcfd5766","count":"count: 52","api":1}
{"id":"8d73f8d4-f14d-4503-a6d4-80d5a7b17e73","count":"count: 53","api":1}
{"id":"d2ba82fb-2494-4e2d-bb6a-8b281c2973a5","count":"count: 54","api":1}
{"id":"6ecfce7e-fe66-4de5-9c60-d0ba21f32efb","count":"count: 55","api":1}
{"id":"ca395816-267e-4d84-8d4f-c98a13852a0c","count":"count: 56","api":1}
{"id":"b7b81759-d4c5-469c-bba9-a5b9a7ed0ae2","count":"count: 57","api":1}
{"id":"fc79bae4-3268-4278-b5b4-b350462bd0be","count":"count: 58","api":1}
{"id":"746ac281-24ab-42b0-b4bb-59839f5d3ffe","count":"count: 59","api":1}
{"id":"7f847c1d-ff99-4f46-b524-110e884e4e33","count":"count: 60","api":1}
{"id":"60dab5f7-94a9-4ada-bb12-7619ba093f89","count":"count: 61","api":1}
{"id":"c138a32d-e38e-46a9-af75-5306fe273cd6","count":"count: 62","api":1}
{"id":"1d8dd9ce-9896-4ad7-b7f3-240c86e0962a","count":"count: 63","api":1}
{"id":"19bf2e13-711f-40c3-8596-ccdaf9b3607e","count":"count: 64","api":1}
{"id":"05243bc5-cf01-41c3-89de-fdb062b0a42b","count":"count: 65","api":1}
{"id":"807d65ca-166f-4040-ab04-1fdb7e637f7a","count":"count: 66","api":1}
{"id":"b5dac7fd-1ab5-4863-a0cf-a3678c0dd3f2","count":"count: 67","api":1}
{"id":"9c2d5d64-5bae-4fcd-921c-2514587ccd98","count":"count: 68","api":1}
{"id":"e3a6411b-0d39-46df-9fda-8fb84a866060","count":"count: 69","api":1}
{"id":"de7134b2-037e-4b49-8fe0-d3a17116f066","count":"count: 70","api":1}
{"id":"e682eb20-3a71-488c-a5ab-22cbc5852693","count":"count: 71","api":1}
{"id":"448d7a7b-b8b8-40e4-acfc-9780242fd85f","count":"count: 72","api":1}
{"id":"4f16dfb2-e8aa-416b-a3fd-7f493e26377f","count":"count: 73","api":1}
{"id":"e8f1f042-ede3-4195-819f-4bd98af4596c","count":"count: 74","api":1}
{"id":"8a3398aa-db08-41f2-a7db-76d402fa3847","count":"count: 75","api":1}
{"id":"e1cf4ce7-7ec4-489f-b7e3-cee7e39b0f76","count":"count: 76","api":1}
{"id":"2cb33119-0303-44ea-b072-5a99d6f7f865","count":"count: 77","api":1}
{"id":"d7efb146-9fb6-4fdb-abd0-b49aed216c5c","count":"count: 78","api":1}
{"id":"fa5ef3b8-5a0d-4713-884c-7255e3618bb0","count":"count: 79","api":1}
{"id":"8efc05ae-e0b8-49ee-9b25-da5857ffd487","count":"count: 80","api":1}
{"id":"ebcb389b-6dcc-4f34-bfb6-d42b8424dbf6","count":"count: 81","api":1}
{"id":"6bd35b8f-2fb3-4ada-bfdb-cb42e91f38fb","count":"count: 82","api":1}
{"id":"07c39572-3425-4479-95f5-ccb0033e6276","count":"count: 83","api":1}
{"id":"4ac7bdaa-aead-4902-9d9e-8f675ba3d6b9","count":"count: 84","api":1}
{"id":"70f6a38d-3ad1-4450-a4d8-8c152d7ec336","count":"count: 85","api":1}
{"id":"3b776233-c516-40ea-a4d9-4972c07d9ee0","count":"count: 86","api":1}
{"id":"3c58823d-4998-4d26-ad92-65b4e8f30ab0","count":"count: 87","api":1}
{"id":"39f6e462-28a7-4e14-89cf-6ae9776690af","count":"count: 88","api":1}
{"id":"102cfe85-2da9-4cea-804c-517e7d9ab3ad","count":"count: 89","api":1}
{"id":"985ee466-dc99-4846-a57e-7f094748866a","count":"count: 90","api":1}
{"id":"c85ece7d-f2ff-42e8-aa14-0814df0cd586","count":"count: 91","api":1}
{"id":"9cfb9598-bb1b-44b5-9f6e-021e81f1241c","count":"count: 92","api":1}
{"id":"39712788-7d3b-467b-af25-c090e218871e","count":"count: 93","api":1}
{"id":"68a96ee9-e9f2-4b73-8f42-6634a3082f58","count":"count: 94","api":1}
{"id":"bca7bbc4-1092-4d72-b508-c171a7ba5573","count":"count: 95","api":1}
{"id":"34e42104-cc62-456f-bd52-660ed1487543","count":"count: 96","api":1}
{"id":"c3bbc413-607c-4ce3-9d0b-dd9bdab266f5","count":"count: 97","api":1}
{"id":"3e0f680f-e847-4d33-82cb-98f7a8fb639f","count":"count: 98","api":1}
{"id":"b5b1667e-dffb-4f32-b120-8db9b68819ec","count":"count: 99","api":1}
{"id":"0f6716b0-559a-42e0-84de-e94daf492070","count":"count: 100","api":1}
