{"id":"73ef2bd0-3b1e-4b1e-a2d3-568609d2edcd","count":"count: 1","api":2}
{"id":"cb312801-b329-4619-ae34-46671506cdf3","count":"count: 2","api":2}
{"id":"e01e008d-8192-40d8-9633-5cdafe6c000f","count":"count: 3","api":2}
{"id":"e122c8a6-adfa-4800-92d0-76b48fb7d21f","count":"count: 4","api":2}
{"id":"738365c3-9a29-475c-b308-1c7e8b8f35ca","count":"count: 5","api":2}
{"id":"c32c95d9-583b-4170-abe4-161236e1f1e7","count":"count: 6","api":2}
{"id":"5d606773-d3a1-46f3-8c88-235ed109cc84","count":"count: 7","api":2}
{"id":"603f581f-c3e0-4877-9569-5cd6743b2aca","count":"count: 8","api":2}
{"id":"adbb391b-d696-4fe5-a4e5-4fd24f4afe3a","count":"count: 9","api":2}
{"id":"6dd6daa9-cbbb-48ea-be04-922215faeeaf","count":"count: 10","api":2}
{"id":"64eca6c8-d1dc-4207-81b8-377e78e5cb01","count":"count: 11","api":2}
{"id":"928207d3-9264-472d-ba60-cf6c69ea7593","count":"count: 12","api":2}
{"id":"427ec5a8-6fea-4854-b27b-fcaadf6bb06d","count":"count: 13","api":2}
{"id":"ed9f292c-2e18-440a-9922-cb907306cb0b","count":"count: 14","api":2}
{"id":"c2f87dda-10c0-45bb-b487-3ce4d6445d3b","count":"count: 15","api":2}
{"id":"42d7bf14-57dc-4f72-9f9a-82eada799387","count":"count: 16","api":2}
{"id":"79f4dcf8-95cd-46ec-bec7-34e3b85d50d6","count":"count: 17","api":2}
{"id":"c6463430-7e4b-4ac4-a93b-318266e6c12b","count":"count: 18","api":2}
{"id":"fb8fd492-40f3-4639-a338-0e58eb679a3b","count":"count: 19","api":2}
{"id":"c18f584e-f544-4a95-845d-bea0916a4e9e","count":"count: 20","api":2}
{"id":"244e2c02-d576-4526-9004-a55d36ae5d7f","count":"count: 21","api":2}
{"id":"c30bbaa1-77bc-4578-808b-eeeaf0423986","count":"count: 22","api":2}
{"id":"154eddc5-95dc-4741-a12a-c77d697c6529","count":"count: 23","api":2}
{"id":"e74438f8-0fe8-4675-95af-3a0136fe1d99","count":"count: 24","api":2}
{"id":"2b68dab0-6f0d-44bd-a95c-c2a1a20259df","count":"count: 25","api":2}
{"id":"75994822-09bd-4652-9605-4e970d87b9a9","count":"count: 26","api":2}
{"id":"f193cf92-8413-4a67-a0c2-5c6832fe7913","count":"count: 27","api":2}
{"id":"8613b2bb-2a53-4766-b655-61a58bfbcf35","count":"count: 28","api":2}
{"id":"0f65a3d2-129a-4578-a28c-3b450b2dc3ca","count":"count: 29","api":2}
{"id":"9e4e7579-54e7-4884-96f0-406c9e016b0d","count":"count: 30","api":2}
{"id":"7ed91912-bc42-4d0a-a947-535ba7f59416","count":"count: 31","api":2}
{"id":"a41207c6-ee01-4e91-ad79-2194a36a8075","count":"count: 32","api":2}
{"id":"dad3519b-890f-455c-a643-fc0fdad5389e","count":"count: 33","api":2}
{"id":"f09982d1-ce54-444e-a08f-ecf000bb908d","count":"count: 34","api":2}
{"id":"8979a293-daef-4bd0-89ec-4bf4ea570053","count":"count: 35","api":2}
{"id":"13674e82-19fc-47b4-b584-74added03a01","count":"count: 36","api":2}
{"id":"a436410a-2ba9-4386-8d6e-80dd4c5e5118","count":"count: 37","api":2}
{"id":"d512a280-7d2a-42c2-bee7-e369d19e24f1","count":"count: 38","api":2}
{"id":"bb113def-b8ab-4301-a224-780a0fc2ce2c","count":"count: 39","api":2}
{"id":"f9a0cccb-5106-4c6a-816e-1a6c66a5ecbc","count":"count: 40","api":2}
{"id":"48c545f9-50d8-4d5f-86e5-fc9b2bbb120f","count":"count: 41","api":2}
{"id":"e00ea819-bdff-4023-bfbc-813b8b1d262f","count":"count: 42","api":2}
{"id":"c23af381-629c-49df-b999-23df6492b30a","count":"count: 43","api":2}
{"id":"8e8bde65-6d05-45f9-bdd8-36d2b502a787","count":"count: 44","api":2}
{"id":"c2f365bf-544f-41ae-829b-f0f7b9894aeb","count":"count: 45","api":2}
{"id":"fd660ccf-bfc5-4c90-a8e7-16e3a79df449","count":"count: 46","api":2}
{"id":"162b8713-922d-4716-892b-a32464c605eb","count":"count: 47","api":2}
{"id":"31b72c0f-8299-4d04-b1a7-78077f5f63f4","count":"count: 48","api":2}
{"id":"9ab130cd-e45c-4e49-a775-5d26c65ab84e","count":"count: 49","api":2}
{"id":"14976df6-e447-4f63-91c5-04fb3e72a1f0","count":"count: 50","api":2}
{"id":"86f2c138-814f-4036-8383-6b385a759551","count":"count: 51","api":2}
{"id":"b5e62d13-b1cd-4902-80e8-8ca4b24bbd3d","count":"count: 52","api":2}
{"id":"c4971643-c89a-44d0-a0af-d19abcfe744a","count":"count: 53","api":2}
{"id":"5f9260a5-b8a3-4aac-9e5e-1cf5c18a53c8","count":"count: 54","api":2}
{"id":"f6768d3f-d8d6-4e4e-bb66-9af25cbaf658","count":"count: 55","api":2}
{"id":"bdff00b1-5500-4f21-9a36-3ceea519e5b3","count":"count: 56","api":2}
{"id":"5fadcba7-629a-49f8-aeaf-46a27a9ff2cc","count":"count: 57","api":2}
{"id":"6bc474b4-7f85-4e8f-940d-b5add27985cd","count":"count: 58","api":2}
{"id":"f60cdd31-aafb-451c-9ae4-8f5cd3e3c404","count":"count: 59","api":2}
{"id":"4575aabf-ec59-461e-b9ff-a68c42aba21b","count":"count: 60","api":2}
{"id":"9887d8ae-cb3b-42f0-a438-e25e7acdf14a","count":"count: 61","api":2}
{"id":"2a4036fe-0b5e-48a0-b111-88a7e7752044","count":"count: 62","api":2}
{"id":"a562fae6-e2ad-4da4-b49e-b54243e334e1","count":"count: 63","api":2}
{"id":"24d99ec3-e0e9-41e2-9b38-99a511ab6543","count":"count: 64","api":2}
{"id":"7cefdcd9-e885-46ae-bed6-b642b2087dfb","count":"count: 65","api":2}
{"id":"a958cf88-b283-4dc5-8226-76a307d7a19a","count":"count: 66","api":2}
{"id":"a4083e20-21ac-4180-9ba7-551045c6bca0","count":"count: 67","api":2}
{"id":"52e7d1c5-aaac-4245-a0a2-549fdd324fb8","count":"count: 68","api":2}
{"id":"ffb1d376-8a57-4f7d-ba37-edbe52ac956e","count":"count: 69","api":2}
{"id":"e15e57e5-ea93-4e58-8182-4c3502a3c01e","count":"count: 70","api":2}
{"id":"8ecb126d-e234-475f-9153-34fc8a735a89","count":"count: 71","api":2}
{"id":"0818fc02-d5c2-43fe-83b3-3591d7365ce4","count":"count: 72","api":2}
{"id":"c029f5e8-daa0-4f2c-986a-f075e2c8bcd0","count":"count: 73","api":2}
{"id":"76149a41-aabb-44eb-adcd-d5f9c3d39d31","count":"count: 74","api":2}
{"id":"feea3734-1ff0-40c6-82e0-8a3b1ff5a617","count":"count: 75","api":2}
{"id":"737c2588-eddd-42dc-a765-7c63ff314fc4","count":"count: 76","api":2}
{"id":"58f83be4-c6f8-4a9a-bc16-ad27674975fc","count":"count: 77","api":2}
{"id":"df0a3aeb-fa72-4e9c-b21c-59f10404c236","count":"count: 78","api":2}
{"id":"efef7f88-07b9-4c6c-bb10-842b241f8097","count":"count: 79","api":2}
{"id":"09809da5-e448-4a50-898a-8131213e2aaa","count":"count: 80","api":2}
{"id":"96c52627-a1d7-40c1-88a5-769a5ee7a56f","count":"count: 81","api":2}
{"id":"087c289e-0634-4089-81fe-de6d467eba81","count":"count: 82","api":2}
{"id":"1a801b90-d46e-4db5-8751-aefea82cadef","count":"count: 83","api":2}
{"id":"217b6ded-bc6e-4da9-93df-773791bda447","count":"count: 84","api":2}
{"id":"f4502013-221a-41bb-9e58-c577c27c2d35","count":"count: 85","api":2}
{"id":"04779c45-ce14-4693-a1a4-d1cfda9944bb","count":"count: 86","api":2}
{"id":"67fc634c-97be-4e9f-a072-5a9bf459778b","count":"count: 87","api":2}
{"id":"6334c078-355b-4267-8fe5-85ecb55d76ff","count":"count: 88","api":2}
{"id":"37608339-6086-42dc-b7e8-c4048f8071c9","count":"count: 89","api":2}
{"id":"fd4264f4-fd6d-4b11-9b53-46eea9d89213","count":"count: 90","api":2}
{"id":"2f8e99ba-3a90-48f6-9446-4d5a0d8f461d","count":"count: 91","api":2}
{"id":"75ffe71f-adf3-4f3a-801a-13c258a6ee29","count":"count: 92","api":2}
{"id":"091e1d42-ba00-4cf8-8e1c-3ce433c671b4","count":"count: 93","api":2}
{"id":"7cf7277a-255e-49c3-987a-6d7d082526e8","count":"count: 94","api":2}
{"id":"7657fa24-b7be-4212-9392-2ad255228544","count":"count: 95","api":2}
{"id":"2180d8fc-3230-48e2-a219-10a3363fade2","count":"count: 96","api":2}
{"id":"0d4b1629-5237-4db9-a3f4-5af269ae2814","count":"count: 97","api":2}
{"id":"720d338b-dc3f-429f-a5e5-624874082224","count":"count: 98","api":2}
{"id":"cb8e1b68-26b2-45c8-8b2e-8a3b1ebab8b0","count":"count: 99","api":2}
{"id":"c9dd1126-e4b7-4072-8d77-b912974980e2","count":"count: 100","api":2}
