1 - {"id":"0b9643a3-7b12-4aa6-b8cf-a0c717d7436c","count":"count: 1","api":1}
2 - {"id":"5b1e5ea3-381d-4f1e-84fc-6b9955dbb359","count":"count: 2","api":1}
3 - {"id":"c9bd4495-11ec-479f-8654-1a6d1f8f656f","count":"count: 3","api":1}
1 - {"id":"5a49d512-3ca7-47d0-80ea-59e1b3acd5a2","count":"count: 1","api":2}
2 - {"id":"5c146a7c-2722-4847-a48a-833e0f3ccb38","count":"count: 2","api":2}
3 - {"id":"88902fe9-74f8-4b24-aef6-71d5a3e1fd3c","count":"count: 3","api":2}
4 - {"id":"3e9eb60e-b9ef-4e5a-b73e-6a1c937ce8d9","count":"count: 4","api":1}
5 - {"id":"ad429042-ebdb-43ea-82b7-dae3e2b94ee5","count":"count: 5","api":1}
6 - {"id":"d2043479-ffc7-4ce2-8408-457777795a93","count":"count: 6","api":1}
7 - {"id":"6dd1db0d-56ea-4741-820c-1c8732a72560","count":"count: 7","api":1}
8 - {"id":"9ac24d08-b670-4488-9b7e-c830d050304b","count":"count: 8","api":1}
4 - {"id":"55b658e5-af59-4d84-a255-0efd4621d533","count":"count: 4","api":2}
5 - {"id":"de8994d0-f32e-4cc5-8c8a-889f88006b40","count":"count: 5","api":2}
6 - {"id":"ac77d0e2-0bb8-4210-be6f-4eec2715a654","count":"count: 6","api":2}
7 - {"id":"f873c2ef-f0e0-43ad-9217-7a101770b502","count":"count: 7","api":2}
9 - {"id":"459b6b42-1c27-4589-bb05-0f49835fb40a","count":"count: 9","api":1}
10 - {"id":"74fc0b70-cba6-4482-8027-80413670fec5","count":"count: 10","api":1}
11 - {"id":"5e9eb2a3-086e-4fed-a689-1bb9343a8033","count":"count: 11","api":1}
12 - {"id":"5d4ec2e7-d8cc-4a72-92b7-8101a5b276be","count":"count: 12","api":1}
13 - {"id":"e9b90aec-c2eb-463d-a4ea-ca2fdcce26c7","count":"count: 13","api":1}
14 - {"id":"98989790-3abb-4eb9-9716-e8c7a6be7627","count":"count: 14","api":1}
15 - {"id":"4e61466f-cb5b-4101-be89-dbf8db1e36cc","count":"count: 15","api":1}
8 - {"id":"c4315139-6fff-4528-ab81-1655a2ba0aed","count":"count: 8","api":2}
9 - {"id":"76dc4b43-3cfb-4c29-bf69-ec9dac51d5c1","count":"count: 9","api":2}
10 - {"id":"f939c6ae-6382-430a-9e0c-f1b0be241441","count":"count: 10","api":2}
11 - {"id":"5f6caf73-3bcc-4162-90aa-edacb18eaa35","count":"count: 11","api":2}
12 - {"id":"258fe301-e861-41e9-a605-ecc3b221aedb","count":"count: 12","api":2}
13 - {"id":"2f09e0c7-b5ed-46d1-9e76-3039c5ed3772","count":"count: 13","api":2}
14 - {"id":"70082088-d496-4da3-aac3-e8d06817719e","count":"count: 14","api":2}
15 - {"id":"e69689ab-192d-4c5d-a947-0e91e0ed4f38","count":"count: 15","api":2}
16 - {"id":"ad66cd7d-f5b8-4f1a-b2ce-b12d00789cf4","count":"count: 16","api":1}
17 - {"id":"01ef76c6-7a1b-40c2-9e45-bd3038aa3285","count":"count: 17","api":1}
18 - {"id":"c5c36474-67a7-4c85-832e-9c21a6d0862c","count":"count: 18","api":1}
19 - {"id":"242bb9c6-6f14-401d-9cbb-f542805184fd","count":"count: 19","api":1}
20 - {"id":"9bda9daf-25d1-4c9e-9532-a55674769efb","count":"count: 20","api":1}
21 - {"id":"73d88a19-9b59-4827-a5f3-ec11ec315d9f","count":"count: 21","api":1}
22 - {"id":"e0f85298-2d01-4b40-8c36-b3b105bab5eb","count":"count: 22","api":1}
23 - {"id":"6a8c7bcd-d4df-4d60-bb23-fa9a243fc64e","count":"count: 23","api":1}
24 - {"id":"9f73014f-685c-4fe5-9b0d-b38171bbbce0","count":"count: 24","api":1}
25 - {"id":"d42325b3-1188-4b68-89d8-84377e978a80","count":"count: 25","api":1}
26 - {"id":"4fbe9dfb-5a6b-4863-b73d-da852da9388f","count":"count: 26","api":1}
27 - {"id":"85c7098d-6f9c-4106-b40d-4b5c5503e6ba","count":"count: 27","api":1}
28 - {"id":"f425050c-4b52-4441-bc0e-1dec7c9368fc","count":"count: 28","api":1}
29 - {"id":"f5acfa3d-fcf9-43ae-9f67-f6b9c1e31040","count":"count: 29","api":1}
16 - {"id":"675e99c6-4e48-4450-83a0-5857d167940a","count":"count: 16","api":2}
17 - {"id":"8650d4b6-de91-4623-b85e-30b0b62d8fd1","count":"count: 17","api":2}
30 - {"id":"a90feabe-e2a8-40c8-a352-1b34197343c5","count":"count: 30","api":1}
31 - {"id":"a1d43e40-b4f6-4f1d-becf-cdd8b68ad8f6","count":"count: 31","api":1}
18 - {"id":"87b8ccf9-4e49-498f-85cd-c56aaedd838d","count":"count: 18","api":2}
19 - {"id":"c6539b7a-99a8-404b-99d0-cadd34d14259","count":"count: 19","api":2}
20 - {"id":"0d1dbf2a-d033-450b-9bf9-032e7e78c1e3","count":"count: 20","api":2}
21 - {"id":"51d4f7b7-cdaa-4909-8224-c3bbdcf832bc","count":"count: 21","api":2}
22 - {"id":"504d4eba-b1af-4103-97fd-832b2eaa30c7","count":"count: 22","api":2}
23 - {"id":"69f22e58-b7c8-44a4-bf10-cea75ddb6d6e","count":"count: 23","api":2}
24 - {"id":"820a7811-a2f1-4703-a78f-812d4019f488","count":"count: 24","api":2}
25 - {"id":"71d945e8-fcd8-430c-acd0-168d6605ae90","count":"count: 25","api":2}
26 - {"id":"8ffaf5a2-4fc2-4b0d-9706-014f2415b932","count":"count: 26","api":2}
27 - {"id":"f519de82-e9de-47e7-bdc1-2dd7fc011fba","count":"count: 27","api":2}
28 - {"id":"25e05853-f40d-4bae-b557-a33a415ae071","count":"count: 28","api":2}
29 - {"id":"e6b545a9-b5f3-4402-b3ba-4030823658ca","count":"count: 29","api":2}
30 - {"id":"106dcd85-44da-4be9-be53-62b94b8bbdb4","count":"count: 30","api":2}
32 - {"id":"602c03e4-5601-4ca2-b68d-f0111f2b8161","count":"count: 32","api":1}
33 - {"id":"636f922e-2088-435b-b9b1-87cb44daee72","count":"count: 33","api":1}
34 - {"id":"36b84475-5b46-4918-8a92-6318ce24c98b","count":"count: 34","api":1}
35 - {"id":"7bc6f124-461d-4293-8b65-a8c1c3290617","count":"count: 35","api":1}
36 - {"id":"eb5e0f15-1a31-472a-8e26-2fc24d5a5972","count":"count: 36","api":1}
37 - {"id":"cae70ee0-4230-442a-a3fd-9ece91c860a1","count":"count: 37","api":1}
38 - {"id":"0fa3dfab-78e9-4914-99db-e99f01bc2c23","count":"count: 38","api":1}
39 - {"id":"2edc306d-5dce-46e3-9d31-aa82899e35ea","count":"count: 39","api":1}
40 - {"id":"ca4cb412-7499-45a3-89f7-f605ddabb166","count":"count: 40","api":1}
41 - {"id":"b3935657-357f-4506-95f0-5121520fb497","count":"count: 41","api":1}
42 - {"id":"0b4c1268-3d8c-437f-b043-7d0bd480378f","count":"count: 42","api":1}
43 - {"id":"7bc1b5b3-16df-4c2c-ae39-f4d249204d0d","count":"count: 43","api":1}
44 - {"id":"ae967dee-ab73-4573-acd3-817b77f50888","count":"count: 44","api":1}
45 - {"id":"e12aad67-fb89-40c3-86b1-ab4b814a154d","count":"count: 45","api":1}
46 - {"id":"b57a888c-648f-4dfd-97ac-be6c108ff559","count":"count: 46","api":1}
47 - {"id":"ccc8a799-a02f-4965-bbb5-baa549b0380e","count":"count: 47","api":1}
48 - {"id":"16ff7a0b-38cc-4092-8b6f-2602a4a249a4","count":"count: 48","api":1}
49 - {"id":"a0ff6eff-aca4-45ba-9c2b-87a4afb1a6a2","count":"count: 49","api":1}
50 - {"id":"25783fc2-61c4-46e8-831a-3b3c80ee79bc","count":"count: 50","api":1}
51 - {"id":"d26c2e83-4a3e-4145-9cb6-2a8786ab9961","count":"count: 51","api":1}
52 - {"id":"140e9d62-c680-4aae-a876-cf96074ee539","count":"count: 52","api":1}
53 - {"id":"9f0a9e6a-5712-40d8-a1b7-7268217f0459","count":"count: 53","api":1}
54 - {"id":"51b680af-4ca7-499b-a0d6-988caf7ae6e3","count":"count: 54","api":1}
55 - {"id":"01dc6672-4bef-4861-b5f6-62a0b7225630","count":"count: 55","api":1}
56 - {"id":"7053620b-fb62-4841-88cb-8676da34f325","count":"count: 56","api":1}
57 - {"id":"4dcd256d-d225-405e-89b5-10ee4d254b0d","count":"count: 57","api":1}
58 - {"id":"df70a8c1-b83d-4596-8752-210529e85430","count":"count: 58","api":1}
59 - {"id":"e421a1c2-52e4-46f0-b3bd-719eaab981fb","count":"count: 59","api":1}
60 - {"id":"a74384b4-dece-4a43-95a9-1b120fc4be58","count":"count: 60","api":1}
61 - {"id":"cb4c79a1-7b96-46d1-9c10-ec256fcaea1d","count":"count: 61","api":1}
62 - {"id":"2ef6054d-3df5-4e16-ad4d-18b82c3c9287","count":"count: 62","api":1}
63 - {"id":"2a534179-7f17-472c-9f84-419c1b41abd6","count":"count: 63","api":1}
64 - {"id":"545dc075-236c-4c85-90b5-039a1cd39f06","count":"count: 64","api":1}
65 - {"id":"1a57db69-b316-47b9-92f0-275ece2cdb5c","count":"count: 65","api":1}
66 - {"id":"ff4c1247-7054-4b69-a0f5-112072ab441b","count":"count: 66","api":1}
67 - {"id":"c79b8495-617e-4ada-b565-0aab863ce20e","count":"count: 67","api":1}
68 - {"id":"698a7db6-6feb-4dd6-92c8-d7e801048af2","count":"count: 68","api":1}
69 - {"id":"b91679d6-966d-4c3a-ae5c-d1ecb3c8248e","count":"count: 69","api":1}
70 - {"id":"7567e31c-6f89-4ae0-a2a4-201edbd2670d","count":"count: 70","api":1}
71 - {"id":"ee8daa4a-9386-41e5-8c89-a7611cf155a9","count":"count: 71","api":1}
72 - {"id":"b6f5d7ad-994d-473e-a43c-583050728fa1","count":"count: 72","api":1}
73 - {"id":"2447386a-87eb-4e5c-be1c-137c161f029e","count":"count: 73","api":1}
74 - {"id":"7345d29b-d500-41a4-8790-2ba9a769cc59","count":"count: 74","api":1}
75 - {"id":"d5409d5f-a036-4a52-8fc6-0a88d43880c2","count":"count: 75","api":1}
76 - {"id":"5e8fdd4e-714d-4b52-be21-3c7248e1de3d","count":"count: 76","api":1}
77 - {"id":"dca4aed4-f643-4051-a5a0-7110f8e60d3a","count":"count: 77","api":1}
78 - {"id":"d89edf9c-d605-40a4-af77-fbd67d85f768","count":"count: 78","api":1}
79 - {"id":"35c0fc5e-7858-4eb9-95b7-98880a3551df","count":"count: 79","api":1}
80 - {"id":"9a43520d-3052-4a72-882b-2da88d24ca82","count":"count: 80","api":1}
81 - {"id":"a9b0990e-bf2f-4d70-a316-ee1ff914ab4a","count":"count: 81","api":1}
82 - {"id":"574a2eeb-cb05-41b4-bf0e-5b51ab6b7888","count":"count: 82","api":1}
83 - {"id":"6f7b9416-5341-4862-a2ff-4c47d6b6d2ff","count":"count: 83","api":1}
84 - {"id":"49f473de-0079-4b62-a16f-7cb3dd2983db","count":"count: 84","api":1}
85 - {"id":"bf19d86a-4500-4333-b080-5c5dc032da6a","count":"count: 85","api":1}
86 - {"id":"6ec76b73-dec5-4006-bd4e-6695a4be9abb","count":"count: 86","api":1}
87 - {"id":"f4d35b14-ade9-4d11-946e-78c173e0865e","count":"count: 87","api":1}
88 - {"id":"948c416b-88ab-4fb0-a90d-911a22f00865","count":"count: 88","api":1}
89 - {"id":"c7855e79-aefe-4d57-a04d-a73dfd2f5c44","count":"count: 89","api":1}
90 - {"id":"050a6b9d-9689-4fdd-82c1-0ed885949bd3","count":"count: 90","api":1}
91 - {"id":"78f21e65-42b9-459b-8d7c-a031f73f9fda","count":"count: 91","api":1}
92 - {"id":"eb417c9b-4d45-414b-a953-80df7a05de61","count":"count: 92","api":1}
93 - {"id":"85e8d182-3d21-4a8a-bd67-59da5db2e192","count":"count: 93","api":1}
94 - {"id":"e8f810a2-786f-4aa2-851c-c0ddfb5439f0","count":"count: 94","api":1}
95 - {"id":"6abe4484-e554-4eaa-a148-5ea905e205b5","count":"count: 95","api":1}
96 - {"id":"3aaa4420-80f5-4883-9893-54b76a6b6916","count":"count: 96","api":1}
97 - {"id":"b015f50e-8f70-4906-877d-9a291b214ba3","count":"count: 97","api":1}
98 - {"id":"2c683ec7-90bf-4271-8831-b2abcb51d441","count":"count: 98","api":1}
99 - {"id":"c0f2c106-82b1-4f1d-8c2d-22dc6176a090","count":"count: 99","api":1}
100 - {"id":"3197e472-4f8c-4c92-a227-66917c7230c4","count":"count: 100","api":1}
31 - {"id":"4c9691c2-3854-4fd9-a91b-f1df311ec3a0","count":"count: 31","api":2}
32 - {"id":"90e09741-ead6-4e10-9ecf-1a0a91a76328","count":"count: 32","api":2}
33 - {"id":"e1881de0-10f0-494b-a4da-6aca9eefdcda","count":"count: 33","api":2}
34 - {"id":"732106b6-e91e-4a08-bf2a-4b91e2f2a194","count":"count: 34","api":2}
35 - {"id":"12f06834-8927-426b-b381-cfc92648b0c4","count":"count: 35","api":2}
36 - {"id":"9520ab60-6527-4703-9b02-27223fdef998","count":"count: 36","api":2}
37 - {"id":"3aa223c6-6a1a-4762-94af-45afdd7a8586","count":"count: 37","api":2}
38 - {"id":"b8be3285-60de-472f-bea1-093eba18794f","count":"count: 38","api":2}
39 - {"id":"7cc84c8b-5f99-47e9-9dc6-566092111a23","count":"count: 39","api":2}
40 - {"id":"4bcdcf7f-d8e0-4463-9d76-7efed6aecc78","count":"count: 40","api":2}
41 - {"id":"6fa5af34-0a1b-4a9d-9d2c-68a5a4ddf4e5","count":"count: 41","api":2}
42 - {"id":"065602d2-9be5-4f3d-8e75-8d853c2377f8","count":"count: 42","api":2}
43 - {"id":"0fdec859-7681-498c-af09-10593eb1ae7f","count":"count: 43","api":2}
44 - {"id":"b6bfdd7e-cc2c-4e38-af2f-1bbd51ca8124","count":"count: 44","api":2}
45 - {"id":"bad7af1e-63cd-433b-b0ab-924beee2e49a","count":"count: 45","api":2}
46 - {"id":"c7129275-74b2-45f2-9253-6f2ef3c349f5","count":"count: 46","api":2}
47 - {"id":"6bac883e-244a-4695-93cb-93d6f5a3cb25","count":"count: 47","api":2}
48 - {"id":"51fe2133-80cf-43cf-9666-4b097dcabf90","count":"count: 48","api":2}
49 - {"id":"a6899f52-dd8a-4132-9a3d-474592426366","count":"count: 49","api":2}
50 - {"id":"4801bb2d-f210-4a3e-96de-05233bb28e3b","count":"count: 50","api":2}
51 - {"id":"dab9198d-9c73-4b53-8c2c-18b4921a0570","count":"count: 51","api":2}
52 - {"id":"05546366-8106-49eb-b0e7-6858bf8f7955","count":"count: 52","api":2}
53 - {"id":"557ecd1c-38c0-496d-9e38-f0941ed2d033","count":"count: 53","api":2}
54 - {"id":"e1f5fafb-ab96-43b4-bf48-3e6ba13cd193","count":"count: 54","api":2}
55 - {"id":"15be834a-ddd9-4d64-803c-f21bd309a9d7","count":"count: 55","api":2}
56 - {"id":"c5030eca-95e9-4875-ad7c-315bf7391f51","count":"count: 56","api":2}
57 - {"id":"5182c447-0268-49eb-ae30-6953fda574a5","count":"count: 57","api":2}
58 - {"id":"90733110-ebaf-454f-90e1-ef40705c5581","count":"count: 58","api":2}
59 - {"id":"80073b79-9ef8-4905-9f46-c11260596b99","count":"count: 59","api":2}
60 - {"id":"a3a54c2f-b4bd-4be2-8622-6971ace71fec","count":"count: 60","api":2}
61 - {"id":"04ebe898-fd32-4721-9cc2-c52a6b8b5357","count":"count: 61","api":2}
62 - {"id":"f5e63a87-350d-4cac-99df-c74817046e35","count":"count: 62","api":2}
63 - {"id":"5a8b314a-ed63-45d3-a7a1-8ecf777fd520","count":"count: 63","api":2}
64 - {"id":"df6d02cf-230b-4d23-9f66-c9d4b080a28f","count":"count: 64","api":2}
65 - {"id":"8c3ff98c-3d6f-4a7b-b882-71101fa1da9e","count":"count: 65","api":2}
66 - {"id":"9107a4cd-c65a-4f19-8859-6b399222d763","count":"count: 66","api":2}
67 - {"id":"266d6914-c4e9-4e12-8d29-bc35ace21549","count":"count: 67","api":2}
68 - {"id":"8744e999-a20c-4dc0-a679-42778b8d5531","count":"count: 68","api":2}
69 - {"id":"2cbefb4c-4666-4b1d-b2c9-fc4b17041885","count":"count: 69","api":2}
70 - {"id":"ac468b47-bb77-41eb-b89b-58074375f562","count":"count: 70","api":2}
71 - {"id":"1c3f44b3-60f7-43a5-84af-8f55bb411815","count":"count: 71","api":2}
72 - {"id":"6c8996ce-e263-400d-a72f-48416aa46ed4","count":"count: 72","api":2}
73 - {"id":"b955869c-c6a7-4dee-b7a1-42f0bda0c6f4","count":"count: 73","api":2}
74 - {"id":"aa1c2eb6-a380-482a-9166-4029028b1997","count":"count: 74","api":2}
75 - {"id":"948c8213-be7f-4eb2-af11-d497013b1267","count":"count: 75","api":2}
76 - {"id":"9d3d4daf-9412-4c67-a7d2-785986af410a","count":"count: 76","api":2}
77 - {"id":"4b9f16a9-f389-4e95-9977-6e4459bf176c","count":"count: 77","api":2}
78 - {"id":"88a5d8ed-f557-4e3d-abe5-b33f5c9fc907","count":"count: 78","api":2}
79 - {"id":"0e22a33e-f0d2-4512-9919-f3aba706adde","count":"count: 79","api":2}
80 - {"id":"533631d0-96fa-49ae-b105-9db8bae201b4","count":"count: 80","api":2}
81 - {"id":"4efd21b4-2b88-43cd-aa59-8743d8fe9b9b","count":"count: 81","api":2}
82 - {"id":"32d99935-a920-4db7-bbad-c56d11720145","count":"count: 82","api":2}
83 - {"id":"b627d115-ba04-49b8-ae79-8178c88d651c","count":"count: 83","api":2}
84 - {"id":"7dbff1d9-16d0-4211-963a-2c6e63fdb845","count":"count: 84","api":2}
85 - {"id":"9bf60e53-adc6-45ef-8c43-d1d04cffc1ba","count":"count: 85","api":2}
86 - {"id":"02215e4e-2bd5-4f74-8b69-2dcf6566a364","count":"count: 86","api":2}
87 - {"id":"52c7a6da-3365-4c24-b22f-747c22d9575a","count":"count: 87","api":2}
88 - {"id":"6fc829fa-c75c-4990-be2f-53cfa5415d70","count":"count: 88","api":2}
89 - {"id":"e57f5bf6-3bfc-476e-a9ad-ab8dadb858b2","count":"count: 89","api":2}
90 - {"id":"f899ee50-031f-4ee6-81cb-97068baec55b","count":"count: 90","api":2}
91 - {"id":"90605303-8bfc-4136-a4e6-2b20e20ae507","count":"count: 91","api":2}
92 - {"id":"b8bc31d2-545a-49f0-b1c1-e5a8e1fb6ea6","count":"count: 92","api":2}
93 - {"id":"0143e82d-a623-4f23-ab3f-4ee9ae9cad1d","count":"count: 93","api":2}
94 - {"id":"ec8e1430-a9ce-45a5-8193-5c4c2faf78d5","count":"count: 94","api":2}
95 - {"id":"168d5674-c821-4fdd-b9a6-2113898f3b4c","count":"count: 95","api":2}
96 - {"id":"5c6d2b94-c9f1-4bb1-b78f-9574893c01a4","count":"count: 96","api":2}
97 - {"id":"f9125fcb-cd88-4116-9baf-102a450280f2","count":"count: 97","api":2}
98 - {"id":"d1c4ac0f-1da3-4a75-a850-6af7df755fe5","count":"count: 98","api":2}
99 - {"id":"fc385c2a-4b44-4543-872d-76e7903ccddb","count":"count: 99","api":2}
100 - {"id":"e1b9d4cc-c1d5-4bc6-9e88-a0d7daae71a6","count":"count: 100","api":2}
